#
# There is insufficient memory for the Java Runtime Environment to continue.
# Native memory allocation (malloc) failed to allocate 1048576 bytes for AllocateHeap
# Possible reasons:
#   The system is out of physical RAM or swap space
#   The process is running with CompressedOops enabled, and the Java Heap may be blocking the growth of the native heap
# Possible solutions:
#   Reduce memory load on the system
#   Increase physical memory or swap space
#   Check if swap backing store is full
#   Decrease Java heap size (-Xmx/-Xms)
#   Decrease number of Java threads
#   Decrease Java thread stack sizes (-Xss)
#   Set larger code cache with -XX:ReservedCodeCacheSize=
#   JVM is running with Unscaled Compressed Oops mode in which the Java heap is
#     placed in the first 4GB address space. The Java Heap base address is the
#     maximum limit for the native heap growth. Please use -XX:HeapBaseMinAddress
#     to set the Java Heap base and to place the Java Heap above 4GB virtual address.
# This output file may be truncated or incomplete.
#
#  Out of Memory Error (allocation.cpp:44), pid=13728, tid=14144
#
# JRE version:  (17.0.10+7) (build )
# Java VM: OpenJDK 64-Bit Server VM (17.0.10+7, mixed mode, tiered, compressed oops, compressed class ptrs, parallel gc, windows-amd64)
# No core dump will be written. Minidumps are not enabled by default on client versions of Windows
#

---------------  S U M M A R Y ------------

Command Line: --add-modules=ALL-SYSTEM --add-opens=java.base/java.util=ALL-UNNAMED --add-opens=java.base/java.lang=ALL-UNNAMED --add-opens=java.base/sun.nio.fs=ALL-UNNAMED -Declipse.application=org.eclipse.jdt.ls.core.id1 -Dosgi.bundles.defaultStartLevel=4 -Declipse.product=org.eclipse.jdt.ls.core.product -Djava.import.generatesMetadataFilesAtProjectRoot=false -DDetectVMInstallationsJob.disabled=true -Dfile.encoding=utf8 -XX:+UseParallelGC -XX:GCTimeRatio=4 -XX:AdaptiveSizePolicyWeight=90 -Dsun.zip.disableMemoryMapping=true -Xmx1G -Xms100m -Xlog:disable -javaagent:c:\Users\ryuki\.vscode\extensions\redhat.java-1.30.0-win32-x64\lombok\lombok-1.18.32.jar -XX:+HeapDumpOnOutOfMemoryError -XX:HeapDumpPath=c:\Users\ryuki\AppData\Roaming\Code\User\workspaceStorage\f1f1ce5aa8a6a93963a6a8c82778307f\redhat.java -Daether.dependencyCollector.impl=bf c:\Users\ryuki\.vscode\extensions\redhat.java-1.30.0-win32-x64\server\plugins\org.eclipse.equinox.launcher_1.6.800.v20240330-1250.jar -configuration c:\Users\ryuki\AppData\Roaming\Code\User\globalStorage\redhat.java\1.30.0\config_win -data c:\Users\ryuki\AppData\Roaming\Code\User\workspaceStorage\f1f1ce5aa8a6a93963a6a8c82778307f\redhat.java\jdt_ws --pipe=\\.\pipe\lsp-5cf1fa9f461eb12815247bbbeb742619-sock

Host: Intel(R) Core(TM) i5-1030NG7 CPU @ 1.10GHz, 8 cores, 7G,  Windows 10 , 64 bit Build 19041 (10.0.19041.3636)
Time: Mon May 27 15:19:40 2024  Windows 10 , 64 bit Build 19041 (10.0.19041.3636) elapsed time: 0.074010 seconds (0d 0h 0m 0s)

---------------  T H R E A D  ---------------

Current thread (0x0000026b78426400):  JavaThread "Unknown thread" [_thread_in_vm, id=14144, stack(0x000000ae91100000,0x000000ae91200000)]

Stack: [0x000000ae91100000,0x000000ae91200000]
Native frames: (J=compiled Java code, j=interpreted, Vv=VM code, C=native code)
V  [jvm.dll+0x67d2c9]
V  [jvm.dll+0x834afa]
V  [jvm.dll+0x8365be]
V  [jvm.dll+0x836c23]
V  [jvm.dll+0x2477ff]
V  [jvm.dll+0xa6c93]
V  [jvm.dll+0x6aff76]
V  [jvm.dll+0x6b0be9]
V  [jvm.dll+0x689a43]
V  [jvm.dll+0x806a7b]
V  [jvm.dll+0x36c774]
V  [jvm.dll+0x7e4e06]
V  [jvm.dll+0x3eff3f]
V  [jvm.dll+0x3f1b71]
C  [jli.dll+0x528f]
C  [ucrtbase.dll+0x21bb2]
C  [KERNEL32.DLL+0x17344]
C  [ntdll.dll+0x526b1]


---------------  P R O C E S S  ---------------

Threads class SMR info:
_java_thread_list=0x00007ff9575eee98, length=0, elements={
}

Java Threads: ( => current thread )

Other Threads:
  0x0000026b7843da90 GCTaskThread "GC Thread#0" [stack: 0x000000ae91200000,0x000000ae91300000] [id=3832]

=>0x0000026b78426400 (exited) JavaThread "Unknown thread" [_thread_in_vm, id=14144, stack(0x000000ae91100000,0x000000ae91200000)]

Threads with active compile tasks:

VM state: not at safepoint (normal execution)

VM Mutex/Monitor currently owned by a thread: None

Heap address: 0x00000000c0000000, size: 1024 MB, Compressed Oops mode: 32-bit

CDS archive(s) not mapped
Compressed class space mapped at: 0x0000000100000000-0x0000000140000000, reserved size: 1073741824
Narrow klass base: 0x0000000000000000, Narrow klass shift: 3, Narrow klass range: 0x140000000

GC Precious Log:
 CPUs: 8 total, 8 available
 Memory: 7994M
 Large Page Support: Disabled
 NUMA Support: Disabled
 Compressed Oops: Enabled (32-bit)
 Alignments: Space 512K, Generation 512K, Heap 2M
 Heap Min Capacity: 100M
 Heap Initial Capacity: 100M
 Heap Max Capacity: 1G
 Pre-touch: Disabled
 Parallel Workers: 8

Heap:
 PSYoungGen      total 29696K, used 512K [0x00000000eab00000, 0x00000000ecc00000, 0x0000000100000000)
  eden space 25600K, 2% used [0x00000000eab00000,0x00000000eab80070,0x00000000ec400000)
  from space 4096K, 0% used [0x00000000ec800000,0x00000000ec800000,0x00000000ecc00000)
  to   space 4096K, 0% used [0x00000000ec400000,0x00000000ec400000,0x00000000ec800000)
 ParOldGen       total 68608K, used 0K [0x00000000c0000000, 0x00000000c4300000, 0x00000000eab00000)
  object space 68608K, 0% used [0x00000000c0000000,0x00000000c0000000,0x00000000c4300000)
 Metaspace       used 1149K, committed 1216K, reserved 1114112K
  class space    used 101K, committed 128K, reserved 1048576K

Card table byte_map: [0x0000026b77dc0000,0x0000026b77fd0000] _byte_map_base: 0x0000026b777c0000

Marking Bits: (ParMarkBitMap*) 0x00007ff95765d7d0
 Begin Bits: [0x0000026b7b0c0000, 0x0000026b7c0c0000)
 End Bits:   [0x0000026b7c0c0000, 0x0000026b7d0c0000)

Polling page: 0x0000026b763f0000

Metaspace:

Usage:
  Non-class:      1.02 MB used.
      Class:    101.05 KB used.
       Both:      1.12 MB used.

Virtual space:
  Non-class space:       64.00 MB reserved,       1.06 MB (  2%) committed,  1 nodes.
      Class space:        1.00 GB reserved,     128.00 KB ( <1%) committed,  1 nodes.
             Both:        1.06 GB reserved,       1.19 MB ( <1%) committed. 

Chunk freelists:
   Non-Class:  12.00 MB
       Class:  15.75 MB
        Both:  27.75 MB

MaxMetaspaceSize: unlimited
CompressedClassSpaceSize: 1.00 GB
Initial GC threshold: 21.00 MB
Current GC threshold: 17179869184.00 GB
CDS: off
MetaspaceReclaimPolicy: balanced
 - commit_granule_bytes: 65536.
 - commit_granule_words: 8192.
 - virtual_space_node_default_size: 8388608.
 - enlarge_chunks_in_place: 1.
 - new_chunks_are_fully_committed: 0.
 - uncommit_free_chunks: 1.
 - use_allocation_guard: 0.
 - handle_deallocations: 1.


Internal statistics:

num_allocs_failed_limit: 0.
num_arena_births: 2.
num_arena_deaths: 0.
num_vsnodes_births: 2.
num_vsnodes_deaths: 0.
num_space_committed: 19.
num_space_uncommitted: 0.
num_chunks_returned_to_freelist: 0.
num_chunks_taken_from_freelist: 3.
num_chunk_merges: 0.
num_chunk_splits: 2.
num_chunks_enlarged: 0.
num_inconsistent_stats: 0.

CodeHeap 'non-profiled nmethods': size=120000Kb used=0Kb max_used=0Kb free=120000Kb
 bounds [0x0000026b07ad0000, 0x0000026b07d40000, 0x0000026b0f000000]
CodeHeap 'profiled nmethods': size=120000Kb used=0Kb max_used=0Kb free=120000Kb
 bounds [0x0000026b00000000, 0x0000026b00270000, 0x0000026b07530000]
CodeHeap 'non-nmethods': size=5760Kb used=208Kb max_used=360Kb free=5551Kb
 bounds [0x0000026b07530000, 0x0000026b077a0000, 0x0000026b07ad0000]
 total_blobs=66 nmethods=0 adapters=47
 compilation: enabled
              stopped_count=0, restarted_count=0
 full_count=0

Compilation events (0 events):
No events

GC Heap History (0 events):
No events

Dll operation events (1 events):
Event: 0.017 Loaded shared library c:\Users\ryuki\.vscode\extensions\redhat.java-1.30.0-win32-x64\jre\17.0.10-win32-x86_64\bin\java.dll

Deoptimization events (0 events):
No events

Classes unloaded (0 events):
No events

Classes redefined (0 events):
No events

Internal exceptions (0 events):
No events

VM Operations (0 events):
No events

Events (20 events):
Event: 0.061 loading class java/lang/Long
Event: 0.062 loading class java/lang/Long done
Event: 0.062 loading class java/util/Iterator
Event: 0.062 loading class java/util/Iterator done
Event: 0.062 loading class java/lang/reflect/RecordComponent
Event: 0.062 loading class java/lang/reflect/RecordComponent done
Event: 0.062 loading class jdk/internal/vm/vector/VectorSupport
Event: 0.063 loading class jdk/internal/vm/vector/VectorSupport done
Event: 0.063 loading class jdk/internal/vm/vector/VectorSupport$VectorPayload
Event: 0.063 loading class jdk/internal/vm/vector/VectorSupport$VectorPayload done
Event: 0.063 loading class jdk/internal/vm/vector/VectorSupport$Vector
Event: 0.063 loading class jdk/internal/vm/vector/VectorSupport$Vector done
Event: 0.063 loading class jdk/internal/vm/vector/VectorSupport$VectorMask
Event: 0.063 loading class jdk/internal/vm/vector/VectorSupport$VectorMask done
Event: 0.063 loading class jdk/internal/vm/vector/VectorSupport$VectorShuffle
Event: 0.063 loading class jdk/internal/vm/vector/VectorSupport$VectorShuffle done
Event: 0.067 loading class java/lang/NullPointerException
Event: 0.067 loading class java/lang/NullPointerException done
Event: 0.067 loading class java/lang/ArithmeticException
Event: 0.067 loading class java/lang/ArithmeticException done


Dynamic libraries:
0x00007ff604580000 - 0x00007ff60458e000 	c:\Users\ryuki\.vscode\extensions\redhat.java-1.30.0-win32-x64\jre\17.0.10-win32-x86_64\bin\java.exe
0x00007ff9c36d0000 - 0x00007ff9c38c8000 	C:\WINDOWS\SYSTEM32\ntdll.dll
0x00007ff9c35d0000 - 0x00007ff9c368d000 	C:\WINDOWS\System32\KERNEL32.DLL
0x00007ff9c0fd0000 - 0x00007ff9c12c6000 	C:\WINDOWS\System32\KERNELBASE.dll
0x00007ff9c0d80000 - 0x00007ff9c0e80000 	C:\WINDOWS\System32\ucrtbase.dll
0x00007ff9a7950000 - 0x00007ff9a7967000 	c:\Users\ryuki\.vscode\extensions\redhat.java-1.30.0-win32-x64\jre\17.0.10-win32-x86_64\bin\jli.dll
0x00007ff9c3070000 - 0x00007ff9c320f000 	C:\WINDOWS\System32\USER32.dll
0x00007ff9c0fa0000 - 0x00007ff9c0fc2000 	C:\WINDOWS\System32\win32u.dll
0x00007ff9a6930000 - 0x00007ff9a694b000 	c:\Users\ryuki\.vscode\extensions\redhat.java-1.30.0-win32-x64\jre\17.0.10-win32-x86_64\bin\VCRUNTIME140.dll
0x00007ff9c1be0000 - 0x00007ff9c1c0b000 	C:\WINDOWS\System32\GDI32.dll
0x00007ff9c0e80000 - 0x00007ff9c0f97000 	C:\WINDOWS\System32\gdi32full.dll
0x00007ff9c0140000 - 0x00007ff9c03da000 	C:\WINDOWS\WinSxS\amd64_microsoft.windows.common-controls_6595b64144ccf1df_6.0.19041.4355_none_60b8b9eb71f62e16\COMCTL32.dll
0x00007ff9c2e00000 - 0x00007ff9c2e9e000 	C:\WINDOWS\System32\msvcrt.dll
0x00007ff9c1660000 - 0x00007ff9c16fd000 	C:\WINDOWS\System32\msvcp_win.dll
0x00007ff9c2a40000 - 0x00007ff9c2a72000 	C:\WINDOWS\System32\IMM32.DLL
0x00007ff9b42d0000 - 0x00007ff9b42dc000 	c:\Users\ryuki\.vscode\extensions\redhat.java-1.30.0-win32-x64\jre\17.0.10-win32-x86_64\bin\vcruntime140_1.dll
0x00007ff9853e0000 - 0x00007ff98546d000 	c:\Users\ryuki\.vscode\extensions\redhat.java-1.30.0-win32-x64\jre\17.0.10-win32-x86_64\bin\msvcp140.dll
0x00007ff956ac0000 - 0x00007ff957722000 	c:\Users\ryuki\.vscode\extensions\redhat.java-1.30.0-win32-x64\jre\17.0.10-win32-x86_64\bin\server\jvm.dll
0x00007ff9c2990000 - 0x00007ff9c2a40000 	C:\WINDOWS\System32\ADVAPI32.dll
0x00007ff9c28f0000 - 0x00007ff9c2990000 	C:\WINDOWS\System32\sechost.dll
0x00007ff9c32f0000 - 0x00007ff9c3413000 	C:\WINDOWS\System32\RPCRT4.dll
0x00007ff9c1430000 - 0x00007ff9c1457000 	C:\WINDOWS\System32\bcrypt.dll
0x00007ff9c0970000 - 0x00007ff9c09bb000 	C:\WINDOWS\SYSTEM32\POWRPROF.dll
0x00007ff9bc620000 - 0x00007ff9bc629000 	C:\WINDOWS\SYSTEM32\WSOCK32.dll
0x00007ff9c3000000 - 0x00007ff9c306b000 	C:\WINDOWS\System32\WS2_32.dll
0x00007ff993980000 - 0x00007ff9939a7000 	C:\WINDOWS\SYSTEM32\WINMM.dll
0x00007ff9b8860000 - 0x00007ff9b886a000 	C:\WINDOWS\SYSTEM32\VERSION.dll
0x00007ff9c04d0000 - 0x00007ff9c04e2000 	C:\WINDOWS\SYSTEM32\UMPDC.dll
0x00007ff9be550000 - 0x00007ff9be562000 	C:\WINDOWS\SYSTEM32\kernel.appcore.dll
0x00007ff9ad780000 - 0x00007ff9ad78a000 	c:\Users\ryuki\.vscode\extensions\redhat.java-1.30.0-win32-x64\jre\17.0.10-win32-x86_64\bin\jimage.dll
0x00007ff9c0780000 - 0x00007ff9c0964000 	C:\WINDOWS\SYSTEM32\DBGHELP.DLL
0x00007ff9c06c0000 - 0x00007ff9c06f4000 	C:\WINDOWS\SYSTEM32\dbgcore.DLL
0x00007ff9c1520000 - 0x00007ff9c15a2000 	C:\WINDOWS\System32\bcryptPrimitives.dll
0x00007ff9ad130000 - 0x00007ff9ad13e000 	c:\Users\ryuki\.vscode\extensions\redhat.java-1.30.0-win32-x64\jre\17.0.10-win32-x86_64\bin\instrument.dll
0x00007ff99c9e0000 - 0x00007ff99ca05000 	c:\Users\ryuki\.vscode\extensions\redhat.java-1.30.0-win32-x64\jre\17.0.10-win32-x86_64\bin\java.dll
0x00007ff9a1220000 - 0x00007ff9a1238000 	c:\Users\ryuki\.vscode\extensions\redhat.java-1.30.0-win32-x64\jre\17.0.10-win32-x86_64\bin\zip.dll

dbghelp: loaded successfully - version: 4.0.5 - missing functions: none
symbol engine: initialized successfully - sym options: 0x614 - pdb path: .;c:\Users\ryuki\.vscode\extensions\redhat.java-1.30.0-win32-x64\jre\17.0.10-win32-x86_64\bin;C:\WINDOWS\SYSTEM32;C:\WINDOWS\WinSxS\amd64_microsoft.windows.common-controls_6595b64144ccf1df_6.0.19041.4355_none_60b8b9eb71f62e16;c:\Users\ryuki\.vscode\extensions\redhat.java-1.30.0-win32-x64\jre\17.0.10-win32-x86_64\bin\server

VM Arguments:
jvm_args: --add-modules=ALL-SYSTEM --add-opens=java.base/java.util=ALL-UNNAMED --add-opens=java.base/java.lang=ALL-UNNAMED --add-opens=java.base/sun.nio.fs=ALL-UNNAMED -Declipse.application=org.eclipse.jdt.ls.core.id1 -Dosgi.bundles.defaultStartLevel=4 -Declipse.product=org.eclipse.jdt.ls.core.product -Djava.import.generatesMetadataFilesAtProjectRoot=false -DDetectVMInstallationsJob.disabled=true -Dfile.encoding=utf8 -XX:+UseParallelGC -XX:GCTimeRatio=4 -XX:AdaptiveSizePolicyWeight=90 -Dsun.zip.disableMemoryMapping=true -Xmx1G -Xms100m -Xlog:disable -javaagent:c:\Users\ryuki\.vscode\extensions\redhat.java-1.30.0-win32-x64\lombok\lombok-1.18.32.jar -XX:+HeapDumpOnOutOfMemoryError -XX:HeapDumpPath=c:\Users\ryuki\AppData\Roaming\Code\User\workspaceStorage\f1f1ce5aa8a6a93963a6a8c82778307f\redhat.java -Daether.dependencyCollector.impl=bf 
java_command: c:\Users\ryuki\.vscode\extensions\redhat.java-1.30.0-win32-x64\server\plugins\org.eclipse.equinox.launcher_1.6.800.v20240330-1250.jar -configuration c:\Users\ryuki\AppData\Roaming\Code\User\globalStorage\redhat.java\1.30.0\config_win -data c:\Users\ryuki\AppData\Roaming\Code\User\workspaceStorage\f1f1ce5aa8a6a93963a6a8c82778307f\redhat.java\jdt_ws --pipe=\\.\pipe\lsp-5cf1fa9f461eb12815247bbbeb742619-sock
java_class_path (initial): c:\Users\ryuki\.vscode\extensions\redhat.java-1.30.0-win32-x64\server\plugins\org.eclipse.equinox.launcher_1.6.800.v20240330-1250.jar
Launcher Type: SUN_STANDARD

[Global flags]
    uintx AdaptiveSizePolicyWeight                 = 90                                        {product} {command line}
     intx CICompilerCount                          = 4                                         {product} {ergonomic}
    uintx GCTimeRatio                              = 4                                         {product} {command line}
     bool HeapDumpOnOutOfMemoryError               = true                                   {manageable} {command line}
    ccstr HeapDumpPath                             = c:\Users\ryuki\AppData\Roaming\Code\User\workspaceStorage\f1f1ce5aa8a6a93963a6a8c82778307f\redhat.java         {manageable} {command line}
   size_t InitialHeapSize                          = 104857600                                 {product} {command line}
   size_t MaxHeapSize                              = 1073741824                                {product} {command line}
   size_t MaxNewSize                               = 357564416                                 {product} {ergonomic}
   size_t MinHeapDeltaBytes                        = 524288                                    {product} {ergonomic}
   size_t MinHeapSize                              = 104857600                                 {product} {command line}
   size_t NewSize                                  = 34603008                                  {product} {ergonomic}
    uintx NonNMethodCodeHeapSize                   = 5839372                                {pd product} {ergonomic}
    uintx NonProfiledCodeHeapSize                  = 122909434                              {pd product} {ergonomic}
   size_t OldSize                                  = 70254592                                  {product} {ergonomic}
    uintx ProfiledCodeHeapSize                     = 122909434                              {pd product} {ergonomic}
    uintx ReservedCodeCacheSize                    = 251658240                              {pd product} {ergonomic}
     bool SegmentedCodeCache                       = true                                      {product} {ergonomic}
   size_t SoftMaxHeapSize                          = 1073741824                             {manageable} {ergonomic}
     bool UseCompressedClassPointers               = true                           {product lp64_product} {ergonomic}
     bool UseCompressedOops                        = true                           {product lp64_product} {ergonomic}
     bool UseLargePagesIndividualAllocation        = false                                  {pd product} {ergonomic}
     bool UseParallelGC                            = true                                      {product} {command line}

Logging:
Log output configuration:
 #0: stdout all=off uptime,level,tags
 #1: stderr all=off uptime,level,tags

Environment Variables:
PATH=C:\Program Files\Microsoft\jdk-11.0.16.101-hotspot\bin;C:\Program Files\Common Files\Oracle\Java\javapath;C:\WINDOWS\system32;C:\WINDOWS;C:\WINDOWS\System32\Wbem;C:\WINDOWS\System32\WindowsPowerShell\v1.0\;C:\WINDOWS\System32\OpenSSH\;C:\Program Files\dotnet\;C:\Program Files\Java\jdk-18.0.2\bin;C:\WINDOWS\system32;C:\WINDOWS;C:\WINDOWS\System32\Wbem;C:\WINDOWS\System32\WindowsPowerShell\v1.0\;C:\WINDOWS\System32\OpenSSH\;C:\Program Files\Docker\Docker\resources\bin;F:\;F:\Git\cmd;C:\Users\ryuki\AppData\Local\Microsoft\WindowsApps;C:\Users\ryuki\.dotnet\tools;C:\Program Files\Java\jdk-18.0.2\bin;F:\vs code\Microsoft VS Code\bin;F:\PostgreSQL\bin;
USERNAME=ryuki
OS=Windows_NT
PROCESSOR_IDENTIFIER=Intel64 Family 6 Model 126 Stepping 5, GenuineIntel
TMP=C:\Users\ryuki\AppData\Local\Temp
TEMP=C:\Users\ryuki\AppData\Local\Temp



Periodic native trim disabled


---------------  S Y S T E M  ---------------

OS:
 Windows 10 , 64 bit Build 19041 (10.0.19041.3636)
OS uptime: 3 days 18:48 hours
Hyper-V role detected

CPU: total 8 (initial active 8) (4 cores per cpu, 2 threads per core) family 6 model 126 stepping 5 microcode 0xb6, cx8, cmov, fxsr, ht, mmx, 3dnowpref, sse, sse2, sse3, ssse3, sse4.1, sse4.2, popcnt, lzcnt, tsc, tscinvbit, avx, avx2, aes, erms, clmul, bmi1, bmi2, adx, avx512f, avx512dq, avx512cd, avx512bw, avx512vl, sha, fma, vzeroupper, avx512_vpopcntdq, avx512_vpclmulqdq, avx512_vaes, avx512_vnni, clflush, clflushopt, avx512_vbmi2, avx512_vbmi, hv
Processor Information for all 8 processors :
  Max Mhz: 1101, Current Mhz: 1101, Mhz Limit: 1101

Memory: 4k page, system-wide physical 7994M (760M free)
TotalPageFile size 10222M (AvailPageFile size 6M)
current process WorkingSet (physical memory assigned to process): 16M, peak: 16M
current process commit charge ("private bytes"): 166M, peak: 167M

vm_info: OpenJDK 64-Bit Server VM (17.0.10+7) for windows-amd64 JRE (17.0.10+7), built on Jan 16 2024 23:25:11 by "admin" with MS VC++ 16.10 / 16.11 (VS2019)

END.
